0 info it worked if it ends with ok
1 verbose cli [ '/Users/think2011/.nvm/versions/node/v5.7.0/bin/node',
1 verbose cli   '/Users/think2011/.nvm/versions/node/v5.7.0/bin/npm',
1 verbose cli   'publish' ]
2 info using npm@3.6.0
3 info using node@v5.7.0
4 verbose publish [ '.' ]
5 silly cache add args [ '.', null ]
6 verbose cache add spec .
7 silly cache add parsed spec Result {
7 silly cache add   raw: '.',
7 silly cache add   scope: null,
7 silly cache add   name: null,
7 silly cache add   rawSpec: '.',
7 silly cache add   spec: '/Users/think2011/Dropbox/web/projects/Watcher',
7 silly cache add   type: 'directory' }
8 verbose addLocalDirectory /Users/think2011/.npm/z-watcher/1.0.0/package.tgz not in flight; packing
9 verbose correctMkdir /Users/think2011/.npm correctMkdir not in flight; initializing
10 info lifecycle z-watcher@1.0.0~prepublish: z-watcher@1.0.0
11 silly lifecycle z-watcher@1.0.0~prepublish: no script for prepublish, continuing
12 verbose tar pack [ '/Users/think2011/.npm/z-watcher/1.0.0/package.tgz',
12 verbose tar pack   '/Users/think2011/Dropbox/web/projects/Watcher' ]
13 verbose tarball /Users/think2011/.npm/z-watcher/1.0.0/package.tgz
14 verbose folder /Users/think2011/Dropbox/web/projects/Watcher
15 verbose addLocalTarball adding from inside cache /Users/think2011/.npm/z-watcher/1.0.0/package.tgz
16 verbose correctMkdir /Users/think2011/.npm correctMkdir not in flight; initializing
17 silly cache afterAdd z-watcher@1.0.0
18 verbose afterAdd /Users/think2011/.npm/z-watcher/1.0.0/package/package.json not in flight; writing
19 verbose correctMkdir /Users/think2011/.npm correctMkdir not in flight; initializing
20 verbose afterAdd /Users/think2011/.npm/z-watcher/1.0.0/package/package.json written
21 silly publish { name: 'z-watcher',
21 silly publish   version: '1.0.0',
21 silly publish   description: '简单的事件监听',
21 silly publish   main: 'Watcher.js',
21 silly publish   scripts: { test: 'echo "Error: no test specified" && exit 1' },
21 silly publish   repository:
21 silly publish    { type: 'git',
21 silly publish      url: 'git+https://github.com/think2011/Watcher.git' },
21 silly publish   author: '',
21 silly publish   license: 'ISC',
21 silly publish   bugs: { url: 'https://github.com/think2011/Watcher/issues' },
21 silly publish   homepage: 'https://github.com/think2011/Watcher#readme',
21 silly publish   readme: '# Watcher\n简单的事件监听\n',
21 silly publish   readmeFilename: 'README.md',
21 silly publish   gitHead: 'ef390f31309d182d1e9fd697762c7d245216cf93',
21 silly publish   _id: 'z-watcher@1.0.0',
21 silly publish   _shasum: 'fcecdabfafcabdd1bb1d39cea2ba421872db3136',
21 silly publish   _from: '.' }
22 verbose getPublishConfig undefined
23 silly mapToRegistry name z-watcher
24 silly mapToRegistry using default registry
25 silly mapToRegistry registry https://registry.npmjs.org/
26 silly mapToRegistry uri https://registry.npmjs.org/z-watcher
27 verbose publish registryBase https://registry.npmjs.org/
28 silly publish uploading /Users/think2011/.npm/z-watcher/1.0.0/package.tgz
29 verbose request uri https://registry.npmjs.org/z-watcher
30 verbose request sending authorization for write operation
31 info attempt registry request try #1 at 10:51:22 AM
32 verbose request using bearer token for auth
33 verbose request id eda3b351d9a281e8
34 http request PUT https://registry.npmjs.org/z-watcher
35 http 403 https://registry.npmjs.org/z-watcher
36 verbose headers { 'content-type': 'application/json',
36 verbose headers   'cache-control': 'max-age=300',
36 verbose headers   'content-length': '95',
36 verbose headers   'accept-ranges': 'bytes',
36 verbose headers   date: 'Sat, 08 Oct 2016 02:51:25 GMT',
36 verbose headers   via: '1.1 varnish',
36 verbose headers   connection: 'keep-alive',
36 verbose headers   'x-served-by': 'cache-itm7423-ITM',
36 verbose headers   'x-cache': 'MISS',
36 verbose headers   'x-cache-hits': '0',
36 verbose headers   'x-timer': 'S1475895084.707475,VS0,VE562',
36 verbose headers   vary: 'Accept-Encoding' }
37 verbose request invalidating /Users/think2011/.npm/registry.npmjs.org/z-watcher on PUT
38 error publish Failed PUT 403
39 verbose stack Error: "You cannot publish over the previously published version 1.0.0." : z-watcher
39 verbose stack     at makeError (/Users/think2011/.nvm/versions/node/v5.7.0/lib/node_modules/npm/node_modules/npm-registry-client/lib/request.js:264:12)
39 verbose stack     at CachingRegistryClient.<anonymous> (/Users/think2011/.nvm/versions/node/v5.7.0/lib/node_modules/npm/node_modules/npm-registry-client/lib/request.js:252:14)
39 verbose stack     at Request._callback (/Users/think2011/.nvm/versions/node/v5.7.0/lib/node_modules/npm/node_modules/npm-registry-client/lib/request.js:172:14)
39 verbose stack     at Request.self.callback (/Users/think2011/.nvm/versions/node/v5.7.0/lib/node_modules/npm/node_modules/request/request.js:198:22)
39 verbose stack     at emitTwo (events.js:100:13)
39 verbose stack     at Request.emit (events.js:185:7)
39 verbose stack     at Request.<anonymous> (/Users/think2011/.nvm/versions/node/v5.7.0/lib/node_modules/npm/node_modules/request/request.js:1035:10)
39 verbose stack     at emitOne (events.js:95:20)
39 verbose stack     at Request.emit (events.js:182:7)
39 verbose stack     at IncomingMessage.<anonymous> (/Users/think2011/.nvm/versions/node/v5.7.0/lib/node_modules/npm/node_modules/request/request.js:962:12)
40 verbose statusCode 403
41 verbose pkgid z-watcher
42 verbose cwd /Users/think2011/Dropbox/web/projects/Watcher
43 error Darwin 15.3.0
44 error argv "/Users/think2011/.nvm/versions/node/v5.7.0/bin/node" "/Users/think2011/.nvm/versions/node/v5.7.0/bin/npm" "publish"
45 error node v5.7.0
46 error npm  v3.6.0
47 error code E403
48 error "You cannot publish over the previously published version 1.0.0." : z-watcher
49 error If you need help, you may report this error at:
49 error     <https://github.com/npm/npm/issues>
50 verbose exit [ 1, true ]
